<?xml version="1.0"?><coverage lines-covered="1" lines-valid="2" line-rate="0.5" branches-covered="0" branches-valid="0" branch-rate="0" complexity="0" version="1.9" timestamp="1694679711"><sources><source>/home/erdt-cyber/Documents/DevelopementEnvironment/rust_docker</source></sources><packages><package name="src" line-rate="0.5" branch-rate="0" complexity="0"><classes><class name="main" filename="src/main.rs" line-rate="0.5" branch-rate="0" complexity="0"><methods/><lines><line number="1" hits="2"/><line number="2" hits="0"/></lines></class></classes></package></packages></coverage>